<?xml version="1.0" encoding="UTF-8"?>
<testsuite name="UtilTest" tests="3" skipped="0" failures="0" errors="0" timestamp="2019-02-05T10:11:57" hostname="yubico" time="0.023">
  <properties/>
  <testcase name="testPadding" classname="UtilTest" time="0.018"/>
  <testcase name="testGetSubArray" classname="UtilTest" time="0.002"/>
  <testcase name="testIsByteArrayEqual" classname="UtilTest" time="0.002"/>
  <system-out><![CDATA[]]></system-out>
  <system-err><![CDATA[Feb 05, 2019 11:11:57 AM UtilTest testPadding
INFO: TEST START: testAddPadding()
Feb 05, 2019 11:11:57 AM UtilTest testPadding
INFO: TEST END: testAddPadding()
Feb 05, 2019 11:11:57 AM UtilTest testGetSubArray
INFO: TEST START: testGetSubArray()
Feb 05, 2019 11:11:57 AM UtilTest testGetSubArray
INFO: TEST END: testGetSubArray()
Feb 05, 2019 11:11:57 AM UtilTest testIsByteArrayEqual
INFO: TEST START: testIsByteArrayEqual()
Feb 05, 2019 11:11:57 AM UtilTest testIsByteArrayEqual
INFO: TEST END: testIsByteArrayEqual()
]]></system-err>
</testsuite>
